SF:lib/models/activity.dart
DA:23,0
LF:1
LH:0
end_of_record
SF:lib/models/activity.g.dart
DA:9,0
DA:10,0
DA:11,0
DA:12,0
DA:13,0
DA:14,0
DA:15,0
DA:16,0
DA:17,0
DA:18,0
DA:19,0
DA:20,0
DA:21,0
DA:22,0
DA:26,0
DA:27,0
DA:28,0
DA:29,0
DA:30,0
DA:31,0
DA:32,0
DA:33,0
DA:34,0
DA:35,0
DA:36,0
DA:37,0
LF:26
LH:0
end_of_record
SF:lib/models/brainstorm_idea.dart
DA:15,0
LF:1
LH:0
end_of_record
SF:lib/models/brainstorm_idea.g.dart
DA:9,0
DA:10,0
DA:11,0
DA:12,0
DA:13,0
DA:14,0
DA:17,0
DA:18,0
DA:19,0
DA:20,0
DA:21,0
DA:22,0
LF:12
LH:0
end_of_record
SF:lib/models/app_error.dart
DA:14,0
LF:1
LH:0
end_of_record
SF:lib/models/app_error.g.dart
DA:9,0
DA:10,0
DA:11,0
DA:14,0
DA:15,0
DA:16,0
DA:17,0
DA:20,0
DA:21,0
DA:22,0
DA:23,0
DA:26,0
DA:28,0
DA:29,0
DA:30,0
DA:33,0
DA:34,0
DA:35,0
DA:36,0
DA:39,0
DA:40,0
DA:41,0
DA:42,0
DA:45,0
DA:46,0
DA:47,0
DA:48,0
DA:51,0
DA:52,0
DA:53,0
DA:54,0
DA:57,0
DA:58,0
DA:59,0
DA:62,0
DA:63,0
DA:64,0
DA:65,0
LF:38
LH:0
end_of_record
SF:lib/models/trip.dart
DA:18,0
LF:1
LH:0
end_of_record
SF:lib/models/trip.g.dart
DA:9,0
DA:10,0
DA:11,0
DA:12,0
DA:13,0
DA:14,0
DA:15,0
DA:16,0
DA:17,0
DA:18,0
DA:21,0
DA:22,0
DA:23,0
DA:24,0
DA:25,0
DA:26,0
DA:27,0
DA:28,0
LF:18
LH:0
end_of_record
SF:lib/providers/activity_provider.g.dart
DA:19,6
DA:20,0
DA:30,1
DA:31,1
DA:33,1
DA:37,1
DA:39,1
DA:41,1
DA:45,1
DA:46,1
DA:48,1
DA:53,1
DA:64,2
DA:67,2
DA:75,2
DA:76,2
DA:78,1
DA:80,1
DA:82,1
DA:85,2
DA:87,2
DA:89,2
DA:91,8
DA:94,2
DA:96,4
DA:100,2
DA:108,6
DA:109,0
DA:118,2
DA:121,2
DA:123,0
DA:128,6
DA:129,0
DA:134,2
DA:137,2
DA:138,2
DA:140,2
DA:141,2
DA:146,2
DA:158,0
DA:161,0
DA:169,0
DA:170,0
DA:172,0
DA:174,0
DA:176,0
DA:179,0
DA:181,0
DA:183,0
DA:185,0
DA:186,0
DA:189,0
DA:191,0
DA:195,0
DA:203,6
DA:204,0
DA:213,0
DA:216,0
DA:218,0
DA:224,0
DA:229,0
DA:232,0
DA:233,0
DA:235,0
DA:236,0
DA:241,0
DA:253,1
DA:256,1
DA:264,1
DA:265,1
DA:267,0
DA:269,0
DA:271,0
DA:274,1
DA:276,1
DA:278,1
DA:280,1
DA:281,3
DA:284,1
DA:286,2
DA:290,1
DA:298,6
DA:299,0
DA:308,1
DA:311,1
DA:313,0
DA:318,3
DA:319,0
DA:324,1
DA:327,1
DA:328,1
DA:330,1
DA:331,1
DA:336,1
LF:94
LH:58
end_of_record
SF:lib/providers/activity_provider.dart
DA:12,1
DA:14,1
DA:20,2
DA:22,4
DA:23,4
DA:24,0
DA:25,0
DA:30,0
DA:38,0
DA:40,0
DA:43,0
DA:44,0
DA:46,0
DA:55,0
DA:57,0
DA:60,0
DA:63,0
DA:64,0
DA:70,0
DA:72,0
DA:73,0
DA:76,0
DA:77,0
DA:83,0
DA:85,0
DA:86,0
DA:89,0
DA:90,0
DA:96,1
DA:98,2
DA:99,1
DA:102,0
DA:105,2
DA:110,1
DA:112,0
DA:113,0
DA:119,1
DA:121,2
DA:122,1
DA:125,0
DA:128,2
DA:133,1
DA:135,0
DA:136,0
DA:142,1
DA:144,2
DA:147,3
DA:148,1
DA:149,2
DA:153,1
DA:156,0
DA:157,0
DA:163,0
DA:165,0
DA:166,0
DA:169,0
DA:173,0
DA:178,0
DA:182,0
DA:184,0
DA:185,0
DA:186,0
DA:189,0
DA:190,0
DA:191,0
DA:192,0
DA:193,0
DA:199,0
DA:201,0
DA:202,0
DA:203,0
DA:206,0
DA:207,0
DA:208,0
DA:209,0
DA:212,0
DA:213,0
DA:219,0
DA:221,0
DA:223,0
DA:226,0
DA:227,0
DA:230,0
DA:231,0
DA:234,0
DA:237,0
DA:238,0
DA:244,0
DA:246,0
DA:247,0
DA:250,0
DA:251,0
DA:257,0
DA:258,0
DA:259,0
DA:260,0
DA:261,0
DA:262,0
DA:263,0
DA:265,0
DA:273,0
DA:276,0
DA:277,0
DA:279,0
DA:280,0
DA:286,0
DA:287,0
DA:288,0
DA:295,1
DA:297,4
DA:299,0
DA:300,0
DA:302,0
DA:303,0
DA:304,0
DA:306,0
DA:307,0
DA:308,0
DA:310,0
DA:315,0
DA:316,0
DA:319,0
DA:331,0
LF:123
LH:23
end_of_record
SF:lib/repositories/mock_activity_repository.dart
DA:12,2
DA:13,2
DA:16,2
DA:18,2
DA:19,4
DA:20,6
DA:24,2
DA:25,2
DA:35,4
DA:36,2
DA:37,2
DA:41,4
DA:45,2
DA:55,4
DA:56,2
DA:60,4
DA:61,6
DA:65,1
DA:67,2
DA:68,3
DA:72,2
DA:73,4
DA:74,1
DA:75,5
DA:77,3
DA:79,3
DA:82,0
DA:85,0
DA:87,0
DA:88,0
DA:89,0
DA:92,0
DA:93,0
DA:98,1
DA:101,1
DA:103,3
DA:104,0
DA:107,3
DA:108,2
DA:113,0
DA:116,0
DA:118,0
DA:120,0
DA:123,0
DA:124,0
DA:127,0
DA:130,0
DA:132,0
DA:134,0
DA:137,0
DA:138,0
DA:139,0
DA:142,0
DA:143,0
DA:146,0
DA:147,0
DA:152,0
DA:155,0
DA:157,0
DA:159,0
DA:162,0
DA:163,0
DA:164,0
DA:166,0
DA:168,0
DA:169,0
DA:174,1
DA:177,1
DA:179,2
DA:182,1
DA:183,2
DA:184,0
DA:185,0
DA:186,0
DA:187,0
DA:189,0
DA:194,0
DA:197,1
DA:198,2
DA:199,4
DA:200,1
DA:204,1
DA:205,2
DA:206,0
DA:208,2
LF:85
LH:43
end_of_record
SF:lib/providers/auth_provider.g.dart
DA:18,7
DA:19,0
DA:29,1
DA:30,1
DA:32,1
DA:35,1
DA:37,1
DA:39,1
DA:43,5
DA:44,5
DA:46,5
DA:51,1
DA:62,7
DA:63,0
DA:73,6
DA:74,6
DA:76,6
DA:79,6
DA:81,6
DA:83,6
DA:87,6
DA:97,7
DA:98,0
DA:108,6
DA:109,6
DA:111,6
DA:113,6
DA:116,0
DA:117,0
DA:119,0
DA:124,6
DA:128,6
DA:131,6
DA:132,6
DA:133,6
DA:138,6
DA:150,7
DA:151,0
DA:161,4
DA:162,4
DA:164,4
DA:166,4
DA:169,0
DA:170,0
DA:172,0
DA:177,4
DA:181,4
DA:184,4
DA:185,4
DA:186,4
DA:188,4
LF:51
LH:41
end_of_record
SF:lib/providers/auth_provider.dart
DA:10,1
DA:12,1
DA:16,6
DA:18,6
DA:19,6
DA:25,6
DA:28,12
DA:29,6
DA:30,2
DA:31,0
DA:32,6
DA:37,5
DA:39,10
DA:40,5
DA:43,2
DA:45,8
DA:51,2
DA:53,4
DA:54,2
DA:57,0
DA:59,0
DA:65,1
DA:67,2
DA:68,1
DA:71,0
DA:73,0
DA:81,2
DA:82,4
DA:83,0
DA:84,4
DA:85,0
DA:87,2
DA:95,4
DA:99,3
DA:100,3
DA:104,1
DA:105,1
DA:109,1
DA:110,1
DA:111,2
DA:112,2
DA:113,0
LF:42
LH:34
end_of_record
SF:lib/models/user.dart
DA:15,0
LF:1
LH:0
end_of_record
SF:lib/models/user.g.dart
DA:9,0
DA:10,0
DA:11,0
DA:12,0
DA:13,0
DA:16,0
DA:17,0
DA:18,0
DA:19,0
DA:20,0
LF:10
LH:0
end_of_record
SF:lib/repositories/mock_auth_repository.dart
DA:13,1
DA:15,1
DA:16,2
DA:19,1
DA:20,2
DA:22,0
DA:23,0
DA:25,0
DA:28,0
DA:29,0
DA:31,0
DA:34,0
DA:37,0
DA:38,0
DA:40,0
DA:43,0
DA:45,0
DA:46,0
DA:50,0
DA:51,0
DA:52,0
DA:53,0
DA:55,0
DA:57,0
DA:61,0
DA:64,0
DA:65,0
LF:27
LH:5
end_of_record
SF:lib/providers/trip_provider.g.dart
DA:18,6
DA:19,0
DA:29,2
DA:30,2
DA:32,2
DA:35,2
DA:37,2
DA:39,2
DA:43,1
DA:44,1
DA:46,1
DA:51,2
DA:61,6
DA:62,0
DA:72,2
DA:73,2
DA:75,2
DA:77,2
DA:80,2
DA:84,2
DA:87,2
DA:88,2
DA:89,2
DA:94,2
DA:106,1
DA:109,1
DA:117,1
DA:118,1
DA:120,0
DA:122,0
DA:124,0
DA:127,1
DA:129,1
DA:131,1
DA:133,4
DA:136,1
DA:138,2
DA:142,1
DA:150,6
DA:151,0
DA:160,1
DA:163,1
DA:165,0
DA:170,3
DA:171,0
DA:176,1
DA:179,1
DA:180,1
DA:182,1
DA:183,1
DA:188,1
LF:51
LH:43
end_of_record
SF:lib/providers/trip_provider.dart
DA:11,2
DA:13,2
DA:19,2
DA:22,4
DA:24,2
DA:25,1
DA:28,0
DA:32,2
DA:33,2
DA:35,3
DA:36,0
DA:38,0
DA:39,0
DA:40,0
DA:46,0
DA:51,0
DA:53,0
DA:56,0
DA:57,0
DA:59,0
DA:63,0
DA:64,0
DA:69,0
DA:72,0
DA:73,0
DA:79,0
DA:81,0
DA:82,0
DA:83,0
DA:86,0
DA:87,0
DA:93,0
DA:95,0
DA:96,0
DA:99,0
DA:100,0
DA:106,0
DA:108,0
DA:109,0
DA:112,0
DA:113,0
DA:119,0
DA:120,0
DA:121,0
DA:122,0
DA:123,0
DA:124,0
DA:125,0
DA:127,0
DA:135,1
DA:138,2
DA:139,1
DA:141,0
DA:142,0
DA:148,0
DA:149,0
DA:150,0
LF:57
LH:12
end_of_record
SF:lib/providers/router_provider.dart
DA:16,4
DA:19,4
DA:22,5
DA:23,1
DA:24,2
DA:25,0
DA:26,0
DA:30,4
DA:32,1
DA:34,1
DA:35,1
DA:36,2
DA:51,8
DA:52,4
DA:53,4
DA:56,1
DA:58,4
DA:61,1
DA:62,4
DA:63,4
DA:66,0
DA:68,4
DA:71,0
DA:72,0
DA:73,0
DA:75,4
DA:76,4
DA:79,0
DA:80,0
DA:81,0
DA:84,4
DA:87,0
DA:88,0
DA:89,0
DA:90,0
DA:106,4
DA:107,4
DA:108,12
DA:109,2
DA:115,0
DA:117,0
DA:118,0
LF:42
LH:26
end_of_record
SF:lib/providers/router_provider.g.dart
DA:15,5
DA:16,0
DA:26,4
DA:27,4
DA:29,4
DA:32,4
DA:34,4
DA:36,4
DA:40,0
DA:41,0
DA:43,0
DA:48,4
LF:12
LH:8
end_of_record
SF:lib/screens/auth/auth_screen.dart
DA:6,5
DA:8,1
DA:10,1
DA:12,1
DA:13,1
DA:16,1
DA:17,1
DA:19,1
DA:21,1
DA:33,1
DA:34,1
DA:35,1
DA:36,1
DA:38,1
DA:39,0
DA:40,0
DA:47,1
DA:49,1
DA:50,0
DA:51,0
DA:58,1
DA:59,1
DA:60,0
DA:61,0
DA:62,0
LF:25
LH:18
end_of_record
SF:lib/screens/trips/trip_list_screen.dart
DA:10,5
DA:12,1
DA:14,1
DA:15,1
DA:17,1
DA:18,1
DA:20,1
DA:21,1
DA:23,0
DA:24,0
DA:29,1
DA:30,1
DA:33,0
DA:37,0
DA:38,0
DA:39,0
DA:41,0
DA:42,0
DA:43,0
DA:45,0
DA:48,0
DA:49,0
DA:50,0
DA:51,0
DA:52,0
DA:53,0
DA:54,0
DA:55,0
DA:57,0
DA:58,0
DA:62,0
DA:63,0
DA:65,0
DA:67,0
DA:68,0
DA:75,1
DA:76,1
DA:77,1
DA:78,0
DA:79,0
DA:81,0
DA:82,0
DA:85,0
DA:88,0
DA:90,0
DA:93,0
DA:95,0
DA:100,0
DA:101,0
DA:102,0
DA:103,0
DA:105,0
DA:106,0
DA:109,0
DA:112,0
DA:114,0
DA:117,0
DA:119,0
DA:126,0
DA:128,0
DA:129,0
DA:130,0
DA:131,0
DA:133,0
DA:134,0
DA:136,0
DA:147,1
DA:148,0
DA:149,0
DA:158,0
DA:166,0
DA:168,0
DA:170,0
DA:171,0
DA:172,0
DA:173,0
DA:175,0
DA:177,0
DA:178,0
DA:179,0
DA:180,0
DA:181,0
DA:182,0
DA:183,0
DA:190,0
DA:191,0
DA:192,0
DA:195,0
DA:198,0
DA:199,0
DA:200,0
DA:201,0
DA:205,0
DA:206,0
DA:209,0
DA:212,0
DA:213,0
DA:214,0
DA:215,0
DA:222,0
DA:223,0
DA:224,0
DA:225,0
DA:235,0
DA:236,0
DA:237,0
DA:239,0
DA:240,0
DA:241,0
DA:244,0
DA:246,0
DA:247,0
DA:249,0
DA:250,0
DA:252,0
LF:115
LH:14
end_of_record
SF:lib/screens/trips/trip_detail_screen.dart
DA:10,1
DA:17,1
DA:19,3
DA:20,3
DA:22,1
DA:23,1
DA:26,0
DA:27,0
DA:28,0
DA:29,0
DA:31,0
DA:32,0
DA:35,0
DA:38,0
DA:40,0
DA:43,0
DA:44,0
DA:45,0
DA:49,0
DA:50,0
DA:57,1
DA:59,0
DA:60,0
DA:67,1
DA:68,1
DA:69,2
DA:70,1
DA:71,1
DA:72,0
DA:73,0
DA:98,1
DA:99,1
DA:101,1
DA:104,1
DA:105,3
DA:107,1
DA:109,1
DA:110,1
DA:111,1
DA:112,1
DA:114,3
DA:117,1
DA:118,4
DA:119,3
DA:122,2
DA:123,0
DA:125,0
DA:128,0
DA:129,0
DA:130,0
DA:136,1
DA:137,3
DA:138,4
DA:139,3
DA:146,1
DA:147,1
DA:148,0
DA:149,0
DA:150,0
DA:152,0
DA:153,0
DA:156,0
DA:159,0
DA:161,0
DA:166,2
DA:169,0
DA:170,0
DA:172,0
DA:173,0
DA:174,0
DA:183,1
DA:184,0
DA:185,0
DA:187,0
DA:197,0
DA:199,0
DA:200,0
DA:202,0
DA:203,0
DA:208,0
DA:209,0
DA:210,0
DA:211,0
DA:214,0
DA:217,0
DA:218,0
DA:226,0
DA:228,0
DA:230,0
DA:231,0
DA:240,0
DA:241,0
DA:244,0
DA:251,0
DA:261,0
DA:262,0
DA:265,0
DA:266,0
DA:269,0
DA:275,0
DA:282,0
DA:283,0
DA:284,0
DA:287,0
DA:288,0
DA:289,0
DA:290,0
DA:295,0
DA:296,0
DA:297,0
DA:298,0
DA:301,0
DA:303,0
DA:304,0
DA:305,0
DA:306,0
DA:307,0
DA:308,0
DA:309,0
DA:311,0
DA:317,0
DA:320,0
DA:321,0
DA:327,0
DA:330,0
DA:331,0
DA:335,0
DA:336,0
DA:337,0
DA:338,0
DA:339,0
DA:341,0
DA:344,0
DA:345,0
DA:349,0
DA:352,0
DA:353,0
DA:361,0
DA:363,0
DA:382,0
DA:385,0
DA:388,0
DA:389,0
DA:390,0
DA:391,0
DA:392,0
DA:394,0
DA:400,0
DA:403,0
DA:404,0
DA:406,0
DA:408,0
DA:410,0
DA:413,0
DA:419,0
DA:420,0
DA:421,0
DA:424,0
DA:425,0
DA:426,0
DA:427,0
DA:429,0
DA:430,0
DA:435,0
DA:437,0
DA:438,0
DA:439,0
DA:440,0
DA:441,0
DA:442,0
DA:443,0
DA:444,0
DA:446,0
DA:452,0
DA:455,0
DA:456,0
DA:462,0
DA:463,0
DA:467,0
DA:468,0
DA:469,0
DA:470,0
DA:471,0
DA:472,0
DA:474,0
DA:477,0
DA:478,0
DA:482,0
DA:485,0
DA:486,0
DA:493,0
DA:495,0
DA:497,0
DA:500,0
DA:502,0
DA:517,1
DA:518,4
DA:523,1
DA:533,1
DA:536,1
DA:537,1
DA:539,2
DA:540,1
DA:541,5
DA:543,1
DA:548,2
DA:549,5
DA:552,1
DA:554,1
DA:556,1
DA:558,1
DA:560,4
DA:563,1
DA:564,1
DA:566,2
DA:572,4
DA:573,1
DA:574,1
DA:575,2
DA:577,1
DA:579,1
DA:580,1
DA:581,1
DA:583,4
DA:586,1
DA:587,1
DA:589,2
DA:600,1
DA:622,1
DA:624,1
DA:625,1
DA:627,1
DA:629,1
DA:630,1
DA:631,1
DA:632,1
DA:633,1
DA:634,3
DA:637,1
DA:638,1
DA:639,4
DA:644,1
DA:645,1
DA:646,4
DA:647,3
DA:653,1
DA:660,1
DA:661,1
DA:662,0
DA:663,1
DA:664,1
DA:666,1
DA:668,1
DA:669,1
DA:671,0
DA:672,0
DA:677,0
DA:680,1
DA:686,1
DA:687,1
DA:688,1
DA:690,1
DA:691,1
DA:693,1
DA:694,1
DA:695,1
DA:697,3
DA:700,1
DA:701,1
DA:704,4
DA:705,3
DA:714,1
DA:716,1
DA:717,4
DA:719,1
DA:721,0
DA:723,1
DA:727,1
DA:730,2
DA:731,0
DA:732,1
DA:733,2
DA:734,1
DA:735,2
DA:737,1
DA:739,0
DA:747,0
DA:749,0
DA:751,0
DA:752,0
DA:754,0
DA:755,0
DA:756,0
DA:757,0
DA:765,0
DA:766,0
DA:767,0
DA:769,0
DA:770,0
DA:771,0
DA:772,0
DA:780,0
DA:781,0
DA:782,0
DA:783,0
DA:784,0
DA:793,0
DA:794,0
DA:795,0
DA:799,0
DA:800,0
DA:801,0
DA:804,0
DA:805,0
DA:813,1
DA:821,1
DA:823,1
DA:824,1
DA:825,1
DA:827,1
DA:828,1
DA:830,1
DA:831,1
DA:832,1
DA:837,1
DA:839,1
DA:840,1
DA:841,1
DA:845,1
DA:846,1
DA:847,1
DA:855,1
DA:865,1
DA:867,1
DA:869,1
DA:870,1
DA:871,1
DA:872,1
DA:873,1
DA:875,1
DA:876,1
DA:877,1
DA:879,3
DA:883,1
DA:884,1
DA:886,1
DA:887,1
DA:888,2
DA:889,3
DA:892,1
DA:893,1
DA:894,1
DA:895,2
DA:896,4
DA:897,3
DA:900,6
DA:902,1
DA:903,3
DA:904,4
DA:905,3
DA:914,4
DA:915,1
DA:917,1
DA:918,3
DA:919,1
DA:921,1
DA:922,4
DA:923,4
DA:924,3
DA:930,1
LF:370
LH:175
end_of_record
SF:lib/screens/trips/trip_create_screen.dart
DA:7,5
DA:9,0
DA:10,0
DA:19,0
DA:21,0
DA:22,0
DA:23,0
DA:26,0
DA:28,0
DA:29,0
DA:31,0
DA:32,0
DA:33,0
DA:34,0
DA:44,0
DA:46,0
DA:47,0
DA:48,0
DA:50,0
DA:51,0
DA:52,0
DA:59,0
DA:60,0
DA:61,0
DA:64,0
DA:71,0
DA:72,0
DA:81,0
DA:82,0
DA:83,0
DA:84,0
DA:87,0
DA:88,0
DA:91,0
DA:98,0
DA:100,0
DA:101,0
DA:102,0
DA:104,0
DA:106,0
DA:107,0
DA:108,0
DA:109,0
DA:112,0
DA:115,0
DA:117,0
DA:118,0
DA:124,0
DA:126,0
DA:138,0
DA:139,0
DA:141,0
DA:142,0
DA:146,0
DA:147,0
DA:149,0
DA:154,0
DA:156,0
DA:157,0
DA:158,0
DA:159,0
DA:160,0
DA:162,0
DA:165,0
DA:166,0
DA:170,0
DA:173,0
DA:174,0
DA:180,0
DA:183,0
DA:185,0
DA:186,0
DA:187,0
DA:188,0
DA:189,0
DA:191,0
DA:194,0
DA:195,0
DA:199,0
DA:202,0
DA:203,0
DA:209,0
DA:210,0
DA:211,0
LF:84
LH:1
end_of_record
SF:lib/screens/activities/activity_detail_screen.dart
DA:12,0
DA:21,0
DA:22,0
DA:29,0
DA:31,0
DA:32,0
DA:35,0
DA:37,0
DA:38,0
DA:40,0
DA:41,0
DA:44,0
DA:45,0
DA:46,0
DA:47,0
DA:49,0
DA:50,0
DA:53,0
DA:56,0
DA:58,0
DA:61,0
DA:62,0
DA:63,0
DA:67,0
DA:68,0
DA:75,0
DA:77,0
DA:78,0
DA:85,0
DA:86,0
DA:87,0
DA:88,0
DA:89,0
DA:91,0
DA:93,0
DA:94,0
DA:95,0
DA:110,0
DA:111,0
DA:113,0
DA:115,0
DA:122,0
DA:123,0
DA:125,0
DA:126,0
DA:128,0
DA:129,0
DA:130,0
DA:132,0
DA:135,0
DA:137,0
DA:142,0
DA:143,0
DA:144,0
DA:145,0
DA:154,0
DA:156,0
DA:157,0
DA:158,0
DA:159,0
DA:160,0
DA:167,0
DA:168,0
DA:172,0
DA:173,0
DA:174,0
DA:188,0
DA:189,0
DA:190,0
DA:191,0
DA:193,0
DA:194,0
DA:197,0
DA:200,0
DA:202,0
DA:203,0
DA:207,0
DA:209,0
DA:210,0
DA:216,0
DA:218,0
DA:219,0
DA:220,0
DA:221,0
DA:223,0
DA:225,0
DA:241,0
DA:242,0
DA:243,0
DA:244,0
DA:245,0
DA:252,0
DA:254,0
DA:255,0
DA:260,0
DA:261,0
DA:262,0
DA:263,0
DA:271,0
DA:274,0
DA:275,0
DA:286,0
DA:287,0
DA:288,0
DA:291,0
DA:292,0
DA:293,0
DA:294,0
DA:296,0
DA:298,0
DA:299,0
DA:301,0
DA:302,0
DA:303,0
DA:304,0
DA:305,0
DA:306,0
DA:307,0
DA:308,0
DA:310,0
DA:316,0
DA:319,0
DA:320,0
DA:326,0
DA:327,0
DA:328,0
DA:329,0
DA:330,0
DA:331,0
DA:344,0
DA:345,0
DA:346,0
DA:348,0
DA:349,0
DA:353,0
DA:354,0
DA:356,0
DA:359,0
DA:361,0
DA:362,0
DA:363,0
DA:364,0
DA:365,0
DA:370,0
DA:371,0
DA:372,0
DA:378,0
DA:380,0
DA:381,0
DA:384,0
DA:386,0
DA:387,0
DA:388,0
DA:389,0
DA:390,0
DA:399,0
DA:407,0
DA:409,0
DA:410,0
DA:412,0
DA:414,0
DA:416,0
DA:418,0
DA:419,0
DA:421,0
DA:425,0
DA:426,0
DA:428,0
DA:429,0
DA:430,0
DA:431,0
DA:434,0
DA:435,0
DA:436,0
DA:437,0
DA:443,0
DA:445,0
DA:447,0
DA:448,0
DA:457,0
DA:458,0
DA:459,0
DA:461,0
DA:462,0
DA:463,0
DA:464,0
DA:465,0
DA:466,0
LF:188
LH:0
end_of_record
SF:lib/screens/activities/activity_create_screen.dart
DA:7,0
DA:14,0
DA:15,0
DA:46,0
DA:48,0
DA:49,0
DA:50,0
DA:51,0
DA:52,0
DA:55,0
DA:57,0
DA:58,0
DA:60,0
DA:61,0
DA:62,0
DA:63,0
DA:73,0
DA:74,0
DA:75,0
DA:77,0
DA:79,0
DA:80,0
DA:88,0
DA:89,0
DA:90,0
DA:93,0
DA:102,0
DA:103,0
DA:104,0
DA:109,0
DA:111,0
DA:112,0
DA:114,0
DA:115,0
DA:116,0
DA:118,0
DA:120,0
DA:125,0
DA:126,0
DA:127,0
DA:130,0
DA:139,0
DA:140,0
DA:148,0
DA:153,0
DA:154,0
DA:163,0
DA:164,0
DA:169,0
DA:170,0
DA:171,0
DA:173,0
DA:175,0
DA:176,0
DA:177,0
DA:178,0
DA:180,0
DA:183,0
DA:185,0
DA:192,0
DA:194,0
DA:195,0
DA:208,0
DA:209,0
DA:213,0
DA:214,0
DA:218,0
DA:219,0
DA:220,0
DA:221,0
DA:222,0
DA:223,0
DA:226,0
DA:227,0
DA:228,0
DA:229,0
DA:230,0
DA:231,0
DA:232,0
DA:234,0
DA:240,0
DA:243,0
DA:244,0
DA:250,0
DA:251,0
DA:252,0
DA:255,0
DA:256,0
DA:257,0
DA:258,0
DA:259,0
DA:261,0
DA:264,0
DA:265,0
DA:269,0
DA:272,0
DA:273,0
LF:97
LH:0
end_of_record
SF:lib/repositories/mock_trip_repository.dart
DA:13,2
DA:14,2
DA:17,2
DA:19,4
DA:20,4
DA:21,4
DA:22,6
DA:27,1
DA:29,2
DA:30,3
DA:34,2
DA:35,6
DA:36,1
DA:37,1
DA:39,3
DA:41,3
DA:44,0
DA:47,0
DA:49,0
DA:50,0
DA:51,0
DA:56,0
DA:57,0
DA:62,0
DA:65,0
DA:67,0
DA:68,0
DA:71,0
DA:72,0
DA:75,0
DA:76,0
DA:77,0
DA:83,0
DA:86,0
DA:88,0
DA:90,0
DA:93,0
DA:96,0
DA:97,0
DA:98,0
DA:102,0
DA:105,0
DA:107,0
DA:109,0
DA:113,0
DA:114,0
DA:115,0
DA:118,0
DA:119,0
DA:122,0
DA:123,0
DA:124,0
DA:127,0
DA:130,0
DA:131,0
DA:132,0
DA:136,0
DA:139,0
DA:141,0
DA:144,0
DA:145,0
DA:146,0
DA:147,0
DA:148,0
DA:149,0
DA:151,0
DA:156,0
DA:159,0
DA:160,0
DA:161,0
DA:163,0
LF:71
LH:16
end_of_record
SF:lib/repositories/mock_data_generator.dart
DA:11,0
DA:14,1
DA:15,1
DA:38,1
DA:39,1
DA:40,1
DA:41,1
DA:46,1
DA:47,1
DA:48,1
DA:50,1
DA:55,1
DA:56,1
DA:57,1
DA:59,1
DA:64,1
DA:65,1
DA:66,1
DA:72,2
DA:73,2
DA:74,2
DA:75,2
DA:85,2
DA:86,2
DA:87,2
DA:91,2
DA:93,2
DA:97,2
DA:101,2
DA:111,2
DA:112,2
DA:113,2
DA:117,2
DA:121,2
DA:131,2
DA:132,2
DA:134,2
DA:144,2
DA:145,2
DA:146,2
DA:150,2
DA:152,2
DA:156,2
DA:158,2
DA:162,2
DA:170,0
DA:171,0
DA:172,0
DA:173,0
DA:174,0
DA:177,0
DA:179,0
DA:180,0
DA:183,0
LF:54
LH:44
end_of_record
SF:lib/widgets/activity/activity_card.dart
DA:5,0
DA:22,0
DA:24,0
DA:26,0
DA:27,0
DA:28,0
DA:29,0
DA:31,0
DA:33,0
DA:34,0
DA:35,0
DA:36,0
DA:37,0
DA:39,0
DA:40,0
DA:41,0
DA:42,0
DA:47,0
DA:48,0
DA:49,0
DA:52,0
DA:55,0
DA:56,0
DA:57,0
DA:58,0
DA:61,0
DA:63,0
DA:66,0
DA:69,0
DA:70,0
DA:71,0
DA:72,0
DA:81,0
DA:82,0
DA:84,0
DA:85,0
DA:86,0
DA:88,0
DA:90,0
DA:91,0
DA:94,0
DA:97,0
DA:98,0
DA:99,0
DA:100,0
DA:109,0
DA:110,0
DA:113,0
DA:114,0
DA:115,0
DA:117,0
DA:118,0
DA:120,0
DA:121,0
DA:125,0
DA:148,0
DA:153,0
DA:155,0
DA:158,0
DA:159,0
DA:160,0
DA:162,0
DA:163,0
DA:164,0
DA:165,0
DA:179,0
DA:190,0
DA:192,0
DA:194,0
DA:195,0
DA:196,0
DA:197,0
DA:199,0
DA:200,0
DA:201,0
DA:202,0
DA:204,0
DA:205,0
DA:206,0
DA:207,0
DA:210,0
DA:211,0
DA:212,0
DA:213,0
DA:214,0
DA:215,0
DA:218,0
DA:220,0
DA:221,0
DA:222,0
DA:223,0
DA:232,0
DA:233,0
DA:235,0
DA:236,0
DA:237,0
DA:239,0
DA:240,0
DA:241,0
DA:242,0
DA:248,0
DA:249,0
DA:250,0
LF:103
LH:0
end_of_record
SF:lib/screens/activities/activity_edit_screen.dart
DA:8,0
DA:17,0
DA:18,0
DA:49,0
DA:51,0
DA:52,0
DA:53,0
DA:54,0
DA:55,0
DA:58,0
DA:60,0
DA:61,0
DA:62,0
DA:63,0
DA:64,0
DA:67,0
DA:69,0
DA:70,0
DA:72,0
DA:73,0
DA:74,0
DA:75,0
DA:85,0
DA:86,0
DA:87,0
DA:89,0
DA:91,0
DA:92,0
DA:100,0
DA:101,0
DA:102,0
DA:105,0
DA:114,0
DA:115,0
DA:116,0
DA:121,0
DA:123,0
DA:124,0
DA:126,0
DA:127,0
DA:128,0
DA:130,0
DA:132,0
DA:137,0
DA:138,0
DA:139,0
DA:142,0
DA:151,0
DA:152,0
DA:160,0
DA:165,0
DA:166,0
DA:175,0
DA:176,0
DA:181,0
DA:182,0
DA:183,0
DA:184,0
DA:186,0
DA:188,0
DA:189,0
DA:190,0
DA:191,0
DA:193,0
DA:196,0
DA:198,0
DA:200,0
DA:206,0
DA:207,0
DA:208,0
DA:209,0
DA:216,0
DA:217,0
DA:218,0
DA:219,0
DA:221,0
DA:223,0
DA:224,0
DA:225,0
DA:226,0
DA:228,0
DA:231,0
DA:233,0
DA:240,0
DA:242,0
DA:243,0
DA:257,0
DA:258,0
DA:262,0
DA:263,0
DA:267,0
DA:268,0
DA:269,0
DA:270,0
DA:271,0
DA:274,0
DA:276,0
DA:277,0
DA:278,0
DA:279,0
DA:280,0
DA:281,0
DA:282,0
DA:284,0
DA:290,0
DA:293,0
DA:294,0
DA:300,0
DA:301,0
DA:302,0
DA:305,0
DA:306,0
DA:307,0
DA:308,0
DA:309,0
DA:311,0
DA:314,0
DA:315,0
DA:319,0
DA:322,0
DA:323,0
LF:121
LH:0
end_of_record
